INFO:     Will watch for changes in these directories: ['C:\\Users\\andre\\OneDrive\\Desktop\\Projects\\eyrie\\backend']
INFO:     Uvicorn running on http://0.0.0.0:8000 (Press CTRL+C to quit)
<<<<<<< HEAD
INFO:     Started reloader process [48923] using WatchFiles
INFO:     Started server process [48925]
INFO:     Waiting for application startup.
WARNING:main:Custom model not found at Model/best_person_detection.pt, using pre-trained YOLOv8n
INFO:person_detector:Model loaded successfully from yolov8n.pt
INFO:main:Person detection system initialized successfully
INFO:main:Camera ready - use /start_camera endpoint to activate
INFO:main:Starting video processing task
INFO:main:Starting video processing loop
INFO:     Application startup complete.
INFO:     ('127.0.0.1', 57531) - "WebSocket /ws" [accepted]
INFO:main:Client connected. Total connections: 1
INFO:     connection open
INFO:     ('127.0.0.1', 57539) - "WebSocket /ws" [accepted]
INFO:main:Client connected. Total connections: 2
INFO:     connection open
INFO:     ('127.0.0.1', 57540) - "WebSocket /ws" [accepted]
INFO:main:Client connected. Total connections: 3
INFO:     connection open
INFO:     ('127.0.0.1', 57541) - "WebSocket /ws" [accepted]
INFO:main:Client connected. Total connections: 4
INFO:     connection open
✓ Loaded configuration from: /Users/gabrielfagundes/Desktop/Crowd Project/backend/.env
INFO:     127.0.0.1:57544 - "GET /health HTTP/1.1" 200 OK
WARNING:  WatchFiles detected changes in 'start_all.py', 'start_servers.py'. Reloading...
INFO:     Shutting down
INFO:main:Client disconnected. Total connections: 3
INFO:main:Client disconnected. Total connections: 2
INFO:main:Client disconnected. Total connections: 1
INFO:main:Client disconnected. Total connections: 0
INFO:     connection closed
INFO:     connection closed
INFO:     connection closed
INFO:     connection closed
INFO:     Waiting for application shutdown.
INFO:main:Person detection system shutdown
INFO:     Application shutdown complete.
INFO:     Finished server process [48925]
INFO:     Started server process [49990]
INFO:     Waiting for application startup.
WARNING:main:Custom model not found at Model/best_person_detection.pt, using pre-trained YOLOv8n
INFO:person_detector:Model loaded successfully from yolov8n.pt
INFO:main:Person detection system initialized successfully
INFO:main:Camera ready - use /start_camera endpoint to activate
INFO:main:Starting video processing task
INFO:main:Starting video processing loop
INFO:     Application startup complete.
INFO:     ('127.0.0.1', 57619) - "WebSocket /ws" [accepted]
INFO:main:Client connected. Total connections: 1
INFO:     connection open
INFO:     ('127.0.0.1', 57627) - "WebSocket /ws" [accepted]
INFO:main:Client connected. Total connections: 2
INFO:     connection open
INFO:     ('127.0.0.1', 57628) - "WebSocket /ws" [accepted]
INFO:main:Client connected. Total connections: 3
INFO:     connection open
INFO:     ('127.0.0.1', 57629) - "WebSocket /ws" [accepted]
INFO:main:Client connected. Total connections: 4
INFO:     connection open
=======
INFO:     Started reloader process [43408] using StatReload
Process SpawnProcess-1:
Traceback (most recent call last):
  File "C:\Users\andre\AppData\Local\Programs\Python\Python313\Lib\multiprocessing\process.py", line 313, in _bootstrap
    self.run()
    ~~~~~~~~^^
  File "C:\Users\andre\AppData\Local\Programs\Python\Python313\Lib\multiprocessing\process.py", line 108, in run
    self._target(*self._args, **self._kwargs)
    ~~~~~~~~~~~~^^^^^^^^^^^^^^^^^^^^^^^^^^^^^
  File "C:\Users\andre\OneDrive\Desktop\Projects\eyrie\backend\.venv\Lib\site-packages\uvicorn\_subprocess.py", line 76, in subprocess_started
    target(sockets=sockets)
    ~~~~~~^^^^^^^^^^^^^^^^^
  File "C:\Users\andre\OneDrive\Desktop\Projects\eyrie\backend\.venv\Lib\site-packages\uvicorn\server.py", line 61, in run
    return asyncio.run(self.serve(sockets=sockets))
           ~~~~~~~~~~~^^^^^^^^^^^^^^^^^^^^^^^^^^^^^
  File "C:\Users\andre\AppData\Local\Programs\Python\Python313\Lib\asyncio\runners.py", line 195, in run
    return runner.run(main)
           ~~~~~~~~~~^^^^^^
  File "C:\Users\andre\AppData\Local\Programs\Python\Python313\Lib\asyncio\runners.py", line 118, in run
    return self._loop.run_until_complete(task)
           ~~~~~~~~~~~~~~~~~~~~~~~~~~~~~^^^^^^
  File "C:\Users\andre\AppData\Local\Programs\Python\Python313\Lib\asyncio\base_events.py", line 725, in run_until_complete
    return future.result()
           ~~~~~~~~~~~~~^^
  File "C:\Users\andre\OneDrive\Desktop\Projects\eyrie\backend\.venv\Lib\site-packages\uvicorn\server.py", line 68, in serve
    config.load()
    ~~~~~~~~~~~^^
  File "C:\Users\andre\OneDrive\Desktop\Projects\eyrie\backend\.venv\Lib\site-packages\uvicorn\config.py", line 467, in load
    self.loaded_app = import_from_string(self.app)
                      ~~~~~~~~~~~~~~~~~~^^^^^^^^^^
  File "C:\Users\andre\OneDrive\Desktop\Projects\eyrie\backend\.venv\Lib\site-packages\uvicorn\importer.py", line 21, in import_from_string
    module = importlib.import_module(module_str)
  File "C:\Users\andre\AppData\Local\Programs\Python\Python313\Lib\importlib\__init__.py", line 88, in import_module
    return _bootstrap._gcd_import(name[level:], package, level)
           ~~~~~~~~~~~~~~~~~~~~~~^^^^^^^^^^^^^^^^^^^^^^^^^^^^^^
  File "<frozen importlib._bootstrap>", line 1387, in _gcd_import
  File "<frozen importlib._bootstrap>", line 1360, in _find_and_load
  File "<frozen importlib._bootstrap>", line 1331, in _find_and_load_unlocked
  File "<frozen importlib._bootstrap>", line 935, in _load_unlocked
  File "<frozen importlib._bootstrap_external>", line 1026, in exec_module
  File "<frozen importlib._bootstrap>", line 488, in _call_with_frames_removed
  File "C:\Users\andre\OneDrive\Desktop\Projects\eyrie\backend\main.py", line 17, in <module>
    import config  # Import centralized configuration
    ^^^^^^^^^^^^^
  File "C:\Users\andre\OneDrive\Desktop\Projects\eyrie\backend\config.py", line 19, in <module>
    print(f"\u2713 Loaded configuration from: {env_path}")
    ~~~~~^^^^^^^^^^^^^^^^^^^^^^^^^^^^^^^^^^^^^^^^^^^^
  File "C:\Users\andre\AppData\Local\Programs\Python\Python313\Lib\encodings\cp1252.py", line 19, in encode
    return codecs.charmap_encode(input,self.errors,encoding_table)[0]
           ~~~~~~~~~~~~~~~~~~~~~^^^^^^^^^^^^^^^^^^^^^^^^^^^^^^^^^^
UnicodeEncodeError: 'charmap' codec can't encode character '\u2713' in position 0: character maps to <undefined>
INFO:     Stopping reloader process [43408]
>>>>>>> dcd271e289f2c1e8a8f3bddd0b8616dffdd5fb13
